<?xml version="1.0" encoding="UTF-8"?>
<!-- Generated by org.testng.reporters.JUnitXMLReporter -->
<testsuite ignored="0" hostname="DESKTOP-5JOCHJR" failures="1" tests="6" name="Test" time="0.049" errors="0" timestamp="2021-10-26T00:45:45 IST">
  <testcase classname="parameterations.Groupss1" name="m1" time="0.006">
    <failure type="java.lang.ArithmeticException">
      <![CDATA[java.lang.ArithmeticException
at parameterations.Groupss1.m1(Groupss1.java:9)
at java.base/java.util.ArrayList.forEach(ArrayList.java:1511)
... Removed 27 stack frames]]>
    </failure>
  </testcase> <!-- m1 -->
  <testcase classname="parameterations.Groupss1" name="m3" time="0.001"/>
  <testcase classname="parameterations.Groupss1" name="m4" time="0.001"/>
  <testcase classname="parameterations.Groupss1" name="m5" time="0.0"/>
  <testcase classname="parameterations.Groupss1" name="m6" time="0.001"/>
  <testcase classname="parameterations.Groupss1" name="m2" time="0.0"/>
</testsuite> <!-- Test -->
