<?xml version="1.0" encoding="UTF-8"?>
<testng-results skipped="0" failed="0" ignored="0" total="1" passed="1">
  <reporter-output>
  </reporter-output>
  <suite name="Default suite" duration-ms="16022" started-at="2022-02-02T17:42:16 IST" finished-at="2022-02-02T17:42:32 IST">
    <groups>
    </groups>
    <test name="Default test" duration-ms="16022" started-at="2022-02-02T17:42:16 IST" finished-at="2022-02-02T17:42:32 IST">
      <class name="sumit.Flipkart">
        <test-method status="PASS" signature="verifyAsendingOrderByPrice()[pri:0, instance:sumit.Flipkart@293a5bf6]" name="verifyAsendingOrderByPrice" duration-ms="15777" started-at="2022-02-02T17:42:16 IST" finished-at="2022-02-02T17:42:32 IST">
          <reporter-output>
          </reporter-output>
        </test-method> <!-- verifyAsendingOrderByPrice -->
      </class> <!-- sumit.Flipkart -->
    </test> <!-- Default test -->
  </suite> <!-- Default suite -->
</testng-results>
